<?xml version="1.0" encoding="UTF-8"?>
<!-- Generated by org.testng.reporters.JUnitReportReporter -->
<testsuite hostname="DESKTOP-P9JR9AG" failures="0" tests="1" name="Demo2.Test2" time="0.003" errors="0" timestamp="2022-12-01T17:47:30 IST" skipped="0">
  <testcase classname="Demo2.Test2" name="method1" time="0.003"/>
  <system-out/>
</testsuite> <!-- Demo2.Test2 -->
