<?xml version="1.0" encoding="UTF-8"?>
<!-- Generated by org.testng.reporters.JUnitReportReporter -->
<testsuite hostname="DESKTOP-P9JR9AG" failures="0" tests="3" name="Demo1.PriorityDemo" time="0.014" errors="0" timestamp="2022-12-01T18:36:20 IST" skipped="0">
  <testcase classname="Demo1.PriorityDemo" name="method" time="0.002"/>
  <system-out/>
  <testcase classname="Demo1.PriorityDemo" name="amethod" time="0.011"/>
  <system-out/>
  <testcase classname="Demo1.PriorityDemo" name="mathod" time="0.001"/>
  <system-out/>
</testsuite> <!-- Demo1.PriorityDemo -->
