<?xml version="1.0" encoding="UTF-8"?>
<!-- Generated by org.testng.reporters.JUnitReportReporter -->
<testsuite hostname="DESKTOP-P9JR9AG" failures="0" tests="3" name="Demo1.PriorityPracticePage" time="0.016" errors="0" timestamp="2022-12-01T18:35:25 IST" skipped="0">
  <testcase classname="Demo1.PriorityPracticePage" name="method2" time="0.011"/>
  <system-out/>
  <testcase classname="Demo1.PriorityPracticePage" name="method1" time="0.002"/>
  <system-out/>
  <testcase classname="Demo1.PriorityPracticePage" name="method3" time="0.003"/>
  <system-out/>
</testsuite> <!-- Demo1.PriorityPracticePage -->
