<?xml version="1.0" encoding="UTF-8"?>
<!-- Generated by org.testng.reporters.JUnitReportReporter -->
<testsuite hostname="DESKTOP-P9JR9AG" failures="0" tests="2" name="Demo1.Test1" time="0.012" errors="0" timestamp="2022-12-02T18:21:31 IST" skipped="0">
  <testcase classname="Demo1.Test1" name="method1" time="0.009"/>
  <system-out/>
  <testcase classname="Demo1.Test1" name="method2" time="0.003"/>
  <system-out/>
</testsuite> <!-- Demo1.Test1 -->
