<?xml version="1.0" encoding="UTF-8"?>
<!-- Generated by org.testng.reporters.JUnitReportReporter -->
<testsuite hostname="DESKTOP-P9JR9AG" failures="0" tests="3" name="Demo1.GroupsDemo" time="0.021" errors="0" timestamp="2022-12-02T16:41:11 IST" skipped="0">
  <testcase classname="Demo1.GroupsDemo" name="method1" time="0.016"/>
  <system-out/>
  <testcase classname="Demo1.GroupsDemo" name="method3" time="0.002"/>
  <system-out/>
  <testcase classname="Demo1.GroupsDemo" name="method4" time="0.003"/>
  <system-out/>
</testsuite> <!-- Demo1.GroupsDemo -->
