<?xml version="1.0" encoding="UTF-8"?>
<!-- Generated by org.testng.reporters.JUnitReportReporter -->
<testsuite hostname="DESKTOP-P9JR9AG" failures="0" tests="12" name="Demo1.DiffrentAnnotationDemo" time="0.064" errors="0" timestamp="2022-12-02T19:02:24 IST" skipped="1">
  <testcase classname="Demo1.DiffrentAnnotationDemo" name="method1" time="0.003"/>
  <system-out/>
  <testcase classname="Demo1.DiffrentAnnotationDemo" name="method1" time="0.006"/>
  <system-out/>
  <testcase classname="Demo1.DiffrentAnnotationDemo" name="method1" time="0.012"/>
  <system-out/>
  <testcase classname="Demo1.DiffrentAnnotationDemo" name="method1" time="0.005"/>
  <system-out/>
  <testcase classname="Demo1.DiffrentAnnotationDemo" name="method1" time="0.006"/>
  <system-out/>
  <testcase classname="Demo1.DiffrentAnnotationDemo" name="method1" time="0.005"/>
  <system-out/>
  <testcase classname="Demo1.DiffrentAnnotationDemo" name="method1" time="0.006"/>
  <system-out/>
  <testcase classname="Demo1.DiffrentAnnotationDemo" name="method1" time="0.002"/>
  <system-out/>
  <testcase classname="Demo1.DiffrentAnnotationDemo" name="method1" time="0.006"/>
  <system-out/>
  <testcase classname="Demo1.DiffrentAnnotationDemo" name="method2" time="0.010"/>
  <system-out/>
  <testcase classname="Demo1.DiffrentAnnotationDemo" name="method1" time="0.003"/>
  <system-out/>
  <testcase classname="Demo1.DiffrentAnnotationDemo" name="method">
    <skipped/>
  </testcase> <!-- method -->
  <system-out/>
</testsuite> <!-- Demo1.DiffrentAnnotationDemo -->
