<?xml version="1.0" encoding="UTF-8"?>
<!-- Generated by org.testng.reporters.JUnitReportReporter -->
<testsuite hostname="DESKTOP-P9JR9AG" failures="0" tests="1" name="Demo1.parametrizationDemo" time="0.013" errors="0" timestamp="2022-12-02T18:26:13 IST" skipped="0">
  <testcase classname="Demo1.parametrizationDemo" name="method" time="0.013"/>
  <system-out/>
</testsuite> <!-- Demo1.parametrizationDemo -->
