<?xml version="1.0" encoding="UTF-8"?>
<!-- Generated by org.testng.reporters.JUnitReportReporter -->
<testsuite hostname="DESKTOP-P9JR9AG" failures="0" tests="3" name="Demo1.DependonMethods" time="0.023" errors="0" timestamp="2022-12-02T16:13:28 IST" skipped="0">
  <testcase classname="Demo1.DependonMethods" name="method1" time="0.004"/>
  <system-out/>
  <testcase classname="Demo1.DependonMethods" name="method2" time="0.016"/>
  <system-out/>
  <testcase classname="Demo1.DependonMethods" name="method3" time="0.003"/>
  <system-out/>
</testsuite> <!-- Demo1.DependonMethods -->
