<?xml version="1.0" encoding="UTF-8"?>
<!-- Generated by org.testng.reporters.JUnitReportReporter -->
<testsuite hostname="DESKTOP-P9JR9AG" failures="0" tests="1" name="TestCases.test" time="9.227" errors="0" timestamp="2022-12-11T20:32:14 IST" skipped="0">
  <testcase classname="TestCases.test" name="method1" time="9.227"/>
  <system-out/>
</testsuite> <!-- TestCases.test -->
